<?xml version="1.0" encoding="UTF-8"?>
<testsuite xmlns:xsi="http://www.w3.org/2001/XMLSchema-instance" xsi:noNamespaceSchemaLocation="https://maven.apache.org/surefire/maven-surefire-plugin/xsd/surefire-test-report-3.0.xsd" version="3.0" name="oyagroup.HelloWorldActionTest" time="2.893" tests="1" errors="0" skipped="0" failures="0">
  <properties>
    <property name="awt.toolkit" value="sun.awt.X11.XToolkit"/>
    <property name="java.specification.version" value="11"/>
    <property name="sun.cpu.isalist" value=""/>
    <property name="sun.jnu.encoding" value="UTF-8"/>
    <property name="java.class.path" value="/workspaces/CCI-SMP-Java-Maven/demoid/target/test-classes:/workspaces/CCI-SMP-Java-Maven/demoid/target/classes:/home/vscode/.m2/repository/org/apache/struts/struts2-core/2.5.22/struts2-core-2.5.22.jar:/home/vscode/.m2/repository/org/freemarker/freemarker/2.3.28/freemarker-2.3.28.jar:/home/vscode/.m2/repository/ognl/ognl/3.1.26/ognl-3.1.26.jar:/home/vscode/.m2/repository/org/javassist/javassist/3.20.0-GA/javassist-3.20.0-GA.jar:/home/vscode/.m2/repository/commons-io/commons-io/2.6/commons-io-2.6.jar:/home/vscode/.m2/repository/org/apache/commons/commons-lang3/3.8.1/commons-lang3-3.8.1.jar:/home/vscode/.m2/repository/org/apache/struts/struts2-sitemesh-plugin/2.5.22/struts2-sitemesh-plugin-2.5.22.jar:/home/vscode/.m2/repository/opensymphony/sitemesh/2.4.2/sitemesh-2.4.2.jar:/home/vscode/.m2/repository/org/apache/struts/struts2-spring-plugin/2.5.22/struts2-spring-plugin-2.5.22.jar:/home/vscode/.m2/repository/org/springframework/spring-beans/4.3.25.RELEASE/spring-beans-4.3.25.RELEASE.jar:/home/vscode/.m2/repository/org/springframework/spring-core/4.3.25.RELEASE/spring-core-4.3.25.RELEASE.jar:/home/vscode/.m2/repository/org/springframework/spring-context/4.3.25.RELEASE/spring-context-4.3.25.RELEASE.jar:/home/vscode/.m2/repository/org/springframework/spring-aop/4.3.25.RELEASE/spring-aop-4.3.25.RELEASE.jar:/home/vscode/.m2/repository/org/springframework/spring-expression/4.3.25.RELEASE/spring-expression-4.3.25.RELEASE.jar:/home/vscode/.m2/repository/org/springframework/spring-web/4.3.25.RELEASE/spring-web-4.3.25.RELEASE.jar:/home/vscode/.m2/repository/org/apache/struts/struts2-config-browser-plugin/2.5.22/struts2-config-browser-plugin-2.5.22.jar:/home/vscode/.m2/repository/org/apache/logging/log4j/log4j-api/2.12.1/log4j-api-2.12.1.jar:/home/vscode/.m2/repository/org/apache/logging/log4j/log4j-core/2.12.1/log4j-core-2.12.1.jar:/home/vscode/.m2/repository/javax/servlet/javax.servlet-api/3.1.0/javax.servlet-api-3.1.0.jar:/home/vscode/.m2/repository/javax/servlet/jsp-api/2.0/jsp-api-2.0.jar:/home/vscode/.m2/repository/javax/servlet/servlet-api/2.4/servlet-api-2.4.jar:/home/vscode/.m2/repository/commons-fileupload/commons-fileupload/1.3.3/commons-fileupload-1.3.3.jar:/home/vscode/.m2/repository/uk/ltd/getahead/dwr/1.1-beta-3/dwr-1.1-beta-3.jar:/home/vscode/.m2/repository/commons-logging/commons-logging/1.0.4/commons-logging-1.0.4.jar:/home/vscode/.m2/repository/junit/junit/4.12/junit-4.12.jar:/home/vscode/.m2/repository/org/hamcrest/hamcrest-core/1.3/hamcrest-core-1.3.jar:"/>
    <property name="java.vm.vendor" value="Microsoft"/>
    <property name="sun.arch.data.model" value="64"/>
    <property name="java.vendor.url" value="https://www.microsoft.com"/>
    <property name="user.timezone" value=""/>
    <property name="java.vm.specification.version" value="11"/>
    <property name="os.name" value="Linux"/>
    <property name="sun.java.launcher" value="SUN_STANDARD"/>
    <property name="user.country" value="US"/>
    <property name="sun.boot.library.path" value="/usr/lib/jvm/msopenjdk-current/lib"/>
    <property name="sun.java.command" value="/workspaces/CCI-SMP-Java-Maven/demoid/target/surefire/surefirebooter-20241229005641475_3.jar /workspaces/CCI-SMP-Java-Maven/demoid/target/surefire 2024-12-29T00-56-41_336-jvmRun1 surefire-20241229005641475_1tmp surefire_0-20241229005641475_2tmp"/>
    <property name="jdk.debug" value="release"/>
    <property name="surefire.test.class.path" value="/workspaces/CCI-SMP-Java-Maven/demoid/target/test-classes:/workspaces/CCI-SMP-Java-Maven/demoid/target/classes:/home/vscode/.m2/repository/org/apache/struts/struts2-core/2.5.22/struts2-core-2.5.22.jar:/home/vscode/.m2/repository/org/freemarker/freemarker/2.3.28/freemarker-2.3.28.jar:/home/vscode/.m2/repository/ognl/ognl/3.1.26/ognl-3.1.26.jar:/home/vscode/.m2/repository/org/javassist/javassist/3.20.0-GA/javassist-3.20.0-GA.jar:/home/vscode/.m2/repository/commons-io/commons-io/2.6/commons-io-2.6.jar:/home/vscode/.m2/repository/org/apache/commons/commons-lang3/3.8.1/commons-lang3-3.8.1.jar:/home/vscode/.m2/repository/org/apache/struts/struts2-sitemesh-plugin/2.5.22/struts2-sitemesh-plugin-2.5.22.jar:/home/vscode/.m2/repository/opensymphony/sitemesh/2.4.2/sitemesh-2.4.2.jar:/home/vscode/.m2/repository/org/apache/struts/struts2-spring-plugin/2.5.22/struts2-spring-plugin-2.5.22.jar:/home/vscode/.m2/repository/org/springframework/spring-beans/4.3.25.RELEASE/spring-beans-4.3.25.RELEASE.jar:/home/vscode/.m2/repository/org/springframework/spring-core/4.3.25.RELEASE/spring-core-4.3.25.RELEASE.jar:/home/vscode/.m2/repository/org/springframework/spring-context/4.3.25.RELEASE/spring-context-4.3.25.RELEASE.jar:/home/vscode/.m2/repository/org/springframework/spring-aop/4.3.25.RELEASE/spring-aop-4.3.25.RELEASE.jar:/home/vscode/.m2/repository/org/springframework/spring-expression/4.3.25.RELEASE/spring-expression-4.3.25.RELEASE.jar:/home/vscode/.m2/repository/org/springframework/spring-web/4.3.25.RELEASE/spring-web-4.3.25.RELEASE.jar:/home/vscode/.m2/repository/org/apache/struts/struts2-config-browser-plugin/2.5.22/struts2-config-browser-plugin-2.5.22.jar:/home/vscode/.m2/repository/org/apache/logging/log4j/log4j-api/2.12.1/log4j-api-2.12.1.jar:/home/vscode/.m2/repository/org/apache/logging/log4j/log4j-core/2.12.1/log4j-core-2.12.1.jar:/home/vscode/.m2/repository/javax/servlet/javax.servlet-api/3.1.0/javax.servlet-api-3.1.0.jar:/home/vscode/.m2/repository/javax/servlet/jsp-api/2.0/jsp-api-2.0.jar:/home/vscode/.m2/repository/javax/servlet/servlet-api/2.4/servlet-api-2.4.jar:/home/vscode/.m2/repository/commons-fileupload/commons-fileupload/1.3.3/commons-fileupload-1.3.3.jar:/home/vscode/.m2/repository/uk/ltd/getahead/dwr/1.1-beta-3/dwr-1.1-beta-3.jar:/home/vscode/.m2/repository/commons-logging/commons-logging/1.0.4/commons-logging-1.0.4.jar:/home/vscode/.m2/repository/junit/junit/4.12/junit-4.12.jar:/home/vscode/.m2/repository/org/hamcrest/hamcrest-core/1.3/hamcrest-core-1.3.jar:"/>
    <property name="sun.cpu.endian" value="little"/>
    <property name="user.home" value="/home/vscode"/>
    <property name="user.language" value="en"/>
    <property name="java.specification.vendor" value="Oracle Corporation"/>
    <property name="java.version.date" value="2024-10-15"/>
    <property name="java.home" value="/usr/lib/jvm/msopenjdk-current"/>
    <property name="file.separator" value="/"/>
    <property name="basedir" value="/workspaces/CCI-SMP-Java-Maven/demoid"/>
    <property name="java.vm.compressedOopsMode" value="32-bit"/>
    <property name="line.separator" value="&#10;"/>
    <property name="java.specification.name" value="Java Platform API Specification"/>
    <property name="java.vm.specification.vendor" value="Oracle Corporation"/>
    <property name="java.awt.graphicsenv" value="sun.awt.X11GraphicsEnvironment"/>
    <property name="surefire.real.class.path" value="/workspaces/CCI-SMP-Java-Maven/demoid/target/surefire/surefirebooter-20241229005641475_3.jar"/>
    <property name="sun.management.compiler" value="HotSpot 64-Bit Tiered Compilers"/>
    <property name="java.runtime.version" value="11.0.25+9-LTS"/>
    <property name="user.name" value="vscode"/>
    <property name="path.separator" value=":"/>
    <property name="os.version" value="5.15.167.4-microsoft-standard-WSL2"/>
    <property name="java.runtime.name" value="OpenJDK Runtime Environment"/>
    <property name="file.encoding" value="UTF-8"/>
    <property name="java.vm.name" value="OpenJDK 64-Bit Server VM"/>
    <property name="java.vendor.version" value="Microsoft-10369400"/>
    <property name="localRepository" value="/home/vscode/.m2/repository"/>
    <property name="java.vendor.url.bug" value="https://github.com/microsoft/openjdk/issues"/>
    <property name="java.io.tmpdir" value="/tmp"/>
    <property name="java.version" value="11.0.25"/>
    <property name="user.dir" value="/workspaces/CCI-SMP-Java-Maven/demoid"/>
    <property name="os.arch" value="amd64"/>
    <property name="java.vm.specification.name" value="Java Virtual Machine Specification"/>
    <property name="java.awt.printerjob" value="sun.print.PSPrinterJob"/>
    <property name="sun.os.patch.level" value="unknown"/>
    <property name="java.library.path" value="/usr/java/packages/lib:/usr/lib64:/lib64:/lib:/usr/lib"/>
    <property name="java.vm.info" value="mixed mode, sharing"/>
    <property name="java.vendor" value="Microsoft"/>
    <property name="java.vm.version" value="11.0.25+9-LTS"/>
    <property name="java.specification.maintenance.version" value="3"/>
    <property name="sun.io.unicode.encoding" value="UnicodeLittle"/>
    <property name="java.class.version" value="55.0"/>
  </properties>
  <testcase name="testHelloWorldAction" classname="oyagroup.HelloWorldActionTest" time="2.728"/>
</testsuite>